99.08.25 17:52 B C:\WINNT\Profiles\Xue Lab\Desktop\Lab Documents\httpdir\MCDB4426\Syllabus.doc --> beagle.colorado.edu /usr4/systems/mcdb-rep/http/htdocs/labs/xue/MCDB4426 Syllabus.doc
99.08.25 17:58 B C:\WINNT\Profiles\Xue Lab\Desktop\Lab Documents\httpdir\MCDB4426\Syllabus.htm --> beagle.colorado.edu /usr4/systems/mcdb-rep/http/htdocs/labs/xue/MCDB4426 Syllabus.htm
99.08.26 13:58 B C:\WINNT\Profiles\Xue Lab\Desktop\Lab Documents\httpdir\MCDB4426\Cell94-481.pdf <-- beagle /usr4/xue-lab/huynhp Cell94-481.pdf
99.08.26 13:58 B C:\WINNT\Profiles\Xue Lab\Desktop\Lab Documents\httpdir\MCDB4426\Cell98-317.pdf <-- beagle /usr4/xue-lab/huynhp Cell98-317.pdf
99.08.26 13:58 B C:\WINNT\Profiles\Xue Lab\Desktop\Lab Documents\httpdir\MCDB4426\CurOpCB10-182.pdf <-- beagle /usr4/xue-lab/huynhp CurOpCB10-182.pdf
99.08.26 13:58 B C:\WINNT\Profiles\Xue Lab\Desktop\Lab Documents\httpdir\MCDB4426\Xue's schedule.doc <-- beagle /usr4/xue-lab/huynhp Xue's schedule.doc
99.08.26 13:59 B C:\WINNT\Profiles\Xue Lab\Desktop\Lab Documents\httpdir\MCDB4426\Cell94-481.pdf --> beagle.colorado.edu /usr4/systems/mcdb-rep/http/htdocs/labs/xue/MCDB4426 Cell94-481.pdf
99.08.26 13:59 B C:\WINNT\Profiles\Xue Lab\Desktop\Lab Documents\httpdir\MCDB4426\Cell98-317.pdf --> beagle.colorado.edu /usr4/systems/mcdb-rep/http/htdocs/labs/xue/MCDB4426 Cell98-317.pdf
99.08.26 13:59 B C:\WINNT\Profiles\Xue Lab\Desktop\Lab Documents\httpdir\MCDB4426\CurOpCB10-182.pdf --> beagle.colorado.edu /usr4/systems/mcdb-rep/http/htdocs/labs/xue/MCDB4426 CurOpCB10-182.pdf
99.08.26 14:00 B C:\WINNT\Profiles\Xue Lab\Desktop\Lab Documents\httpdir\MCDB4426\Syllabus.htm --> beagle.colorado.edu /usr4/systems/mcdb-rep/http/htdocs/labs/xue/MCDB4426 Syllabus.htm
99.08.26 14:08 B C:\WINNT\Profiles\Xue Lab\Desktop\Lab Documents\httpdir\MCDB4426\Syllabus.htm --> beagle.colorado.edu /usr4/systems/mcdb-rep/http/htdocs/labs/xue/MCDB4426 Syllabus.htm
99.08.26 14:08 B C:\WINNT\Profiles\Xue Lab\Desktop\Lab Documents\httpdir\MCDB4426\Syllabus.htm --> beagle.colorado.edu /usr4/systems/mcdb-rep/http/htdocs/labs/xue/MCDB4426 Syllabus.htm
99.08.26 14:12 B C:\WINNT\Profiles\Xue Lab\Desktop\Lab Documents\httpdir\MCDB4426\Syllabus.htm --> beagle.colorado.edu /usr4/systems/mcdb-rep/http/htdocs/labs/xue/MCDB4426 Syllabus.htm
99.08.26 14:12 B C:\WINNT\Profiles\Xue Lab\Desktop\Lab Documents\httpdir\MCDB4426\Syllabus.htm --> beagle.colorado.edu /usr4/systems/mcdb-rep/http/htdocs/labs/xue/MCDB4426 Syllabus.htm
99.08.26 14:12 B C:\WINNT\Profiles\Xue Lab\Desktop\Lab Documents\httpdir\MCDB4426\Syllabus.htm --> beagle.colorado.edu /usr4/systems/mcdb-rep/http/htdocs/labs/xue/MCDB4426 Syllabus.htm
99.08.26 14:13 B C:\WINNT\Profiles\Xue Lab\Desktop\Lab Documents\httpdir\MCDB4426\Syllabus.htm --> beagle.colorado.edu /usr4/systems/mcdb-rep/http/htdocs/labs/xue/MCDB4426 Syllabus.htm
99.08.26 14:18 B C:\WINNT\Profiles\Xue Lab\Desktop\Lab Documents\httpdir\MCDB4426\CurOpCB10-182.pdf --> beagle.colorado.edu /usr4/systems/mcdb-rep/http/htdocs/labs/xue/MCDB4426 CurOpCB10-182.pdf
99.08.26 14:20 B C:\WINNT\Profiles\Xue Lab\Desktop\Lab Documents\httpdir\MCDB4426\Syllabus.htm --> beagle.colorado.edu /usr4/systems/mcdb-rep/http/htdocs/labs/xue/MCDB4426 Syllabus.htm
99.08.26 14:23 B C:\WINNT\Profiles\Xue Lab\Desktop\Lab Documents\httpdir\MCDB4426\Syllabus.htm --> beagle.colorado.edu /usr4/systems/mcdb-rep/http/htdocs/labs/xue/MCDB4426 Syllabus.htm
99.08.26 14:27 B C:\WINNT\Profiles\Xue Lab\Desktop\Lab Documents\httpdir\MCDB4426\Syllabus.htm --> beagle.colorado.edu /usr4/systems/mcdb-rep/http/htdocs/labs/xue/MCDB4426 Syllabus.htm
99.08.26 14:34 B C:\WINNT\Profiles\Xue Lab\Desktop\Lab Documents\httpdir\MCDB4426\Syllabus.htm --> beagle.colorado.edu /usr4/systems/mcdb-rep/http/htdocs/labs/xue/MCDB4426 Syllabus.htm
99.08.26 15:48 B C:\WINNT\Profiles\Xue Lab\Desktop\Lab Documents\httpdir\MCDB4426\Syllabus.htm --> beagle.colorado.edu /usr4/systems/mcdb-rep/http/htdocs/labs/xue/MCDB4426 Syllabus.htm
99.08.26 15:48 B C:\WINNT\Profiles\Xue Lab\Desktop\Lab Documents\httpdir\MCDB4426\Cell85-479.pdf --> beagle.colorado.edu /usr4/systems/mcdb-rep/http/htdocs/labs/xue/MCDB4426 Cell85-479.pdf
99.08.26 15:48 B C:\WINNT\Profiles\Xue Lab\Desktop\Lab Documents\httpdir\MCDB4426\Cell85-817.pdf --> beagle.colorado.edu /usr4/systems/mcdb-rep/http/htdocs/labs/xue/MCDB4426 Cell85-817.pdf
99.08.26 15:49 B C:\WINNT\Profiles\Xue Lab\Desktop\Lab Documents\httpdir\MCDB4426\Cell88-355.pdf --> beagle.colorado.edu /usr4/systems/mcdb-rep/http/htdocs/labs/xue/MCDB4426 Cell88-355.pdf
99.08.26 15:49 B C:\WINNT\Profiles\Xue Lab\Desktop\Lab Documents\httpdir\MCDB4426\Cell90-389.pdf --> beagle.colorado.edu /usr4/systems/mcdb-rep/http/htdocs/labs/xue/MCDB4426 Cell90-389.pdf
99.08.26 15:49 B C:\WINNT\Profiles\Xue Lab\Desktop\Lab Documents\httpdir\MCDB4426\Cell93-961.pdf --> beagle.colorado.edu /usr4/systems/mcdb-rep/http/htdocs/labs/xue/MCDB4426 Cell93-961.pdf
99.08.26 15:49 B C:\WINNT\Profiles\Xue Lab\Desktop\Lab Documents\httpdir\MCDB4426\Cell94-119.pdf --> beagle.colorado.edu /usr4/systems/mcdb-rep/http/htdocs/labs/xue/MCDB4426 Cell94-119.pdf
99.08.26 15:49 B C:\WINNT\Profiles\Xue Lab\Desktop\Lab Documents\httpdir\MCDB4426\Cell94-481.pdf --> beagle.colorado.edu /usr4/systems/mcdb-rep/http/htdocs/labs/xue/MCDB4426 Cell94-481.pdf
99.08.26 15:49 B C:\WINNT\Profiles\Xue Lab\Desktop\Lab Documents\httpdir\MCDB4426\Cell98-317.pdf --> beagle.colorado.edu /usr4/systems/mcdb-rep/http/htdocs/labs/xue/MCDB4426 Cell98-317.pdf
99.08.26 15:49 B C:\WINNT\Profiles\Xue Lab\Desktop\Lab Documents\httpdir\MCDB4426\CurOpCB10-182.pdf --> beagle.colorado.edu /usr4/systems/mcdb-rep/http/htdocs/labs/xue/MCDB4426 CurOpCB10-182.pdf
99.08.26 15:49 B C:\WINNT\Profiles\Xue Lab\Desktop\Lab Documents\httpdir\MCDB4426\Nature387-773.pdf --> beagle.colorado.edu /usr4/systems/mcdb-rep/http/htdocs/labs/xue/MCDB4426 Nature387-773.pdf
99.08.26 15:49 B C:\WINNT\Profiles\Xue Lab\Desktop\Lab Documents\httpdir\MCDB4426\Nature390-465.pdf --> beagle.colorado.edu /usr4/systems/mcdb-rep/http/htdocs/labs/xue/MCDB4426 Nature390-465.pdf
99.08.26 15:49 B C:\WINNT\Profiles\Xue Lab\Desktop\Lab Documents\httpdir\MCDB4426\Nature392-501.pdf --> beagle.colorado.edu /usr4/systems/mcdb-rep/http/htdocs/labs/xue/MCDB4426 Nature392-501.pdf
99.08.26 15:52 B C:\WINNT\Profiles\Xue Lab\Desktop\Lab Documents\httpdir\MCDB4426\Syllabus.htm --> beagle.colorado.edu /usr4/systems/mcdb-rep/http/htdocs/labs/xue/MCDB4426 Syllabus.htm
99.08.26 15:54 B C:\WINNT\Profiles\Xue Lab\Desktop\Lab Documents\httpdir\MCDB4426\Syllabus.htm --> beagle.colorado.edu /usr4/systems/mcdb-rep/http/htdocs/labs/xue/MCDB4426 Syllabus.htm
99.08.26 15:58 B C:\WINNT\Profiles\Xue Lab\Desktop\Lab Documents\httpdir\MCDB4426\Syllabus.htm --> beagle.colorado.edu /usr4/systems/mcdb-rep/http/htdocs/labs/xue/MCDB4426 Syllabus.htm
99.08.26 15:59 B C:\WINNT\Profiles\Xue Lab\Desktop\Lab Documents\httpdir\MCDB4426\Syllabus.htm --> beagle.colorado.edu /usr4/systems/mcdb-rep/http/htdocs/labs/xue/MCDB4426 Syllabus.htm
99.08.26 16:00 B C:\WINNT\Profiles\Xue Lab\Desktop\Lab Documents\httpdir\MCDB4426\Syllabus.htm --> beagle.colorado.edu /usr4/systems/mcdb-rep/http/htdocs/labs/xue/MCDB4426 Syllabus.htm
99.08.26 16:00 B C:\WINNT\Profiles\Xue Lab\Desktop\Lab Documents\httpdir\MCDB4426\Syllabus.htm --> beagle.colorado.edu /usr4/systems/mcdb-rep/http/htdocs/labs/xue/MCDB4426 Syllabus.htm
99.08.26 16:01 B C:\WINNT\Profiles\Xue Lab\Desktop\Lab Documents\httpdir\MCDB4426\Syllabus.htm --> beagle.colorado.edu /usr4/systems/mcdb-rep/http/htdocs/labs/xue/MCDB4426 Syllabus.htm
99.08.26 16:02 B C:\WINNT\Profiles\Xue Lab\Desktop\Lab Documents\httpdir\MCDB4426\Syllabus.htm --> beagle.colorado.edu /usr4/systems/mcdb-rep/http/htdocs/labs/xue/MCDB4426 Syllabus.htm
99.08.26 16:03 B C:\WINNT\Profiles\Xue Lab\Desktop\Lab Documents\httpdir\MCDB4426\Syllabus.htm --> beagle.colorado.edu /usr4/systems/mcdb-rep/http/htdocs/labs/xue/MCDB4426 Syllabus.htm
99.08.26 16:04 B C:\WINNT\Profiles\Xue Lab\Desktop\Lab Documents\httpdir\MCDB4426\Syllabus.htm --> beagle.colorado.edu /usr4/systems/mcdb-rep/http/htdocs/labs/xue/MCDB4426 Syllabus.htm
99.08.26 16:04 B C:\WINNT\Profiles\Xue Lab\Desktop\Lab Documents\httpdir\MCDB4426\Syllabus.htm --> beagle.colorado.edu /usr4/systems/mcdb-rep/http/htdocs/labs/xue/MCDB4426 Syllabus.htm
99.08.26 16:08 B C:\WINNT\Profiles\Xue Lab\Desktop\Lab Documents\httpdir\MCDB4426\Syllabus.htm --> beagle.colorado.edu /usr4/systems/mcdb-rep/http/htdocs/labs/xue/MCDB4426 Syllabus.htm
99.08.26 16:08 B C:\WINNT\Profiles\Xue Lab\Desktop\Lab Documents\httpdir\MCDB4426\Syllabus.htm --> beagle.colorado.edu /usr4/systems/mcdb-rep/http/htdocs/labs/xue/MCDB4426 Syllabus.htm
99.08.26 16:09 B C:\WINNT\Profiles\Xue Lab\Desktop\Lab Documents\httpdir\MCDB4426\Syllabus.htm --> beagle.colorado.edu /usr4/systems/mcdb-rep/http/htdocs/labs/xue/MCDB4426 Syllabus.htm
99.08.26 16:10 B C:\WINNT\Profiles\Xue Lab\Desktop\Lab Documents\httpdir\MCDB4426\Syllabus.htm --> beagle.colorado.edu /usr4/systems/mcdb-rep/http/htdocs/labs/xue/MCDB4426 Syllabus.htm
99.08.26 16:17 B C:\WINNT\Profiles\Xue Lab\Desktop\Lab Documents\httpdir\MCDB4426\Syllabus.htm --> beagle.colorado.edu /usr4/systems/mcdb-rep/http/htdocs/labs/xue/MCDB4426 Syllabus.htm
99.08.26 16:21 B C:\WINNT\Profiles\Xue Lab\Desktop\Lab Documents\httpdir\MCDB4426\Syllabus.htm --> beagle.colorado.edu /usr4/systems/mcdb-rep/http/htdocs/labs/xue Syllabus.htm
99.08.26 16:21 B C:\WINNT\Profiles\Xue Lab\Desktop\Lab Documents\httpdir\MCDB4426\Syllabus.htm --> beagle.colorado.edu /usr4/systems/mcdb-rep/http/htdocs/labs/xue Syllabus.htm
99.08.26 16:22 B C:\WINNT\Profiles\Xue Lab\Desktop\Lab Documents\httpdir\MCDB4426\Syllabus.htm --> beagle.colorado.edu /usr4/systems/mcdb-rep/http/htdocs/labs/xue/MCDB4426 Syllabus.htm
99.08.26 16:40 B C:\WINNT\Profiles\Xue Lab\Desktop\Lab Documents\httpdir\MCDB4426\Syllabus.htm --> beagle.colorado.edu /usr4/systems/mcdb-rep/http/htdocs/labs/xue/MCDB4426 Syllabus.htm
99.08.27 00:26 B C:\WINNT\Profiles\Xue Lab\Desktop\Lab Documents\httpdir\MCDB4426\MCDB4426.htm --> beagle.colorado.edu /usr4/systems/mcdb-rep/http/htdocs/labs/xue/MCDB4426 MCDB4426.htm
99.08.27 00:31 B C:\WINNT\Profiles\Xue Lab\Desktop\Lab Documents\httpdir\MCDB4426\MCDB4426.htm --> beagle.colorado.edu /usr4/systems/mcdb-rep/http/htdocs/labs/xue/MCDB4426 MCDB4426.htm
99.08.27 12:12 B C:\WINNT\Profiles\Xue Lab\Desktop\Lab Documents\httpdir\MCDB4426\MCDB4426.htm --> beagle.colorado.edu /usr4/systems/mcdb-rep/http/htdocs/labs/xue/MCDB4426 MCDB4426.htm
99.08.27 12:16 B C:\WINNT\Profiles\Xue Lab\Desktop\Lab Documents\httpdir\MCDB4426\MCDB4426.htm --> beagle.colorado.edu /usr4/systems/mcdb-rep/http/htdocs/labs/xue/MCDB4426 MCDB4426.htm
99.08.27 12:22 B C:\WINNT\Profiles\Xue Lab\Desktop\Lab Documents\httpdir\MCDB4426\MCDB4426.htm --> beagle.colorado.edu /usr4/systems/mcdb-rep/http/htdocs/labs/xue/MCDB4426 MCDB4426.htm
99.08.27 12:24 B C:\WINNT\Profiles\Xue Lab\Desktop\Lab Documents\httpdir\MCDB4426\MCDB4426.htm --> beagle.colorado.edu /usr4/systems/mcdb-rep/http/htdocs/labs/xue/MCDB4426 MCDB4426.htm
99.08.27 12:27 B C:\WINNT\Profiles\Xue Lab\Desktop\Lab Documents\httpdir\MCDB4426\MCDB4426.htm --> beagle.colorado.edu /usr4/systems/mcdb-rep/http/htdocs/labs/xue/MCDB4426 MCDB4426.htm
99.08.27 12:51 B C:\WINNT\Profiles\Xue Lab\Desktop\Lab Documents\httpdir\MCDB4426\MCDB4426.htm --> beagle.colorado.edu /usr4/systems/mcdb-rep/http/htdocs/labs/xue/MCDB4426 MCDB4426.htm
99.08.27 12:57 B C:\WINNT\Profiles\Xue Lab\Desktop\Lab Documents\httpdir\MCDB4426\MCDB4426.htm --> beagle.colorado.edu /usr4/systems/mcdb-rep/http/htdocs/labs/xue/MCDB4426 MCDB4426.htm
99.08.27 14:37 B C:\WINNT\Profiles\Xue Lab\Desktop\Lab Documents\httpdir\MCDB4426\MCDB4426.htm --> beagle.colorado.edu /usr4/systems/mcdb-rep/http/htdocs/labs/xue/MCDB4426 MCDB4426.htm
99.08.27 14:40 B C:\WINNT\Profiles\Xue Lab\Desktop\Lab Documents\httpdir\MCDB4426\MCDB4426.htm --> beagle.colorado.edu /usr4/systems/mcdb-rep/http/htdocs/labs/xue/MCDB4426 MCDB4426.htm
99.08.27 14:41 B C:\WINNT\Profiles\Xue Lab\Desktop\Lab Documents\httpdir\MCDB4426\MCDB4426.htm --> beagle.colorado.edu /usr4/systems/mcdb-rep/http/htdocs/labs/xue/MCDB4426 MCDB4426.htm
99.08.27 15:02 B C:\WINNT\Profiles\Xue Lab\Desktop\Lab Documents\httpdir\MCDB4426\MCDB4426.htm --> beagle.colorado.edu /usr4/systems/mcdb-rep/http/htdocs/labs/xue/MCDB4426 MCDB4426.htm
99.08.27 15:04 B C:\WINNT\Profiles\Xue Lab\Desktop\Lab Documents\httpdir\MCDB4426\MCDB4426.htm --> beagle.colorado.edu /usr4/systems/mcdb-rep/http/htdocs/labs/xue/MCDB4426 MCDB4426.htm
99.08.27 15:20 B C:\WINNT\Profiles\Xue Lab\Desktop\Lab Documents\httpdir\MCDB4426\MCDB4426.htm --> beagle.colorado.edu /usr4/systems/mcdb-rep/http/htdocs/labs/xue MCDB4426.htm
99.08.27 15:21 B C:\WINNT\Profiles\Xue Lab\Desktop\Lab Documents\httpdir\MCDB4426\MCDB4426.htm --> beagle.colorado.edu /usr4/systems/mcdb-rep/http/htdocs/labs/xue/MCDB4426 MCDB4426.htm
99.08.27 17:24 B C:\WINNT\Profiles\Xue Lab\Desktop\Lab Documents\httpdir\MCDB4426\MCDB4426.htm --> beagle.colorado.edu /usr4/systems/mcdb-rep/http/htdocs/labs/xue/MCDB4426 MCDB4426.htm
99.08.30 17:00 B C:\WINNT\Profiles\Xue Lab\Desktop\Lab Documents\httpdir\MCDB4426\Develop2.jpg --> beagle.colorado.edu /usr4/systems/mcdb-rep/http/htdocs/labs/xue/MCDB4426 Develop2.jpg
99.08.30 17:22 B C:\WINNT\Profiles\Xue Lab\Desktop\Lab Documents\httpdir\MCDB4426\MCDB4426.htm --> beagle.colorado.edu /usr4/systems/mcdb-rep/http/htdocs/labs/xue/MCDB4426 MCDB4426.htm
99.08.31 11:03 B C:\WINNT\Profiles\Xue Lab\Desktop\Lab Documents\httpdir\MCDB4426\MCDB4426.htm --> beagle.colorado.edu /usr4/systems/mcdb-rep/http/htdocs/labs/xue/MCDB4426 MCDB4426.htm
99.08.31 11:06 B C:\WINNT\Profiles\Xue Lab\Desktop\Lab Documents\httpdir\MCDB4426\Overhead8-24.htm --> beagle.colorado.edu /usr4/systems/mcdb-rep/http/htdocs/labs/xue/MCDB4426 Overhead8-24.htm
99.08.31 11:07 B C:\WINNT\Profiles\Xue Lab\Desktop\Lab Documents\httpdir\MCDB4426\Overhead8-24.htm --> beagle.colorado.edu /usr4/systems/mcdb-rep/http/htdocs/labs/xue/MCDB4426 Overhead8-24.htm
99.08.31 11:10 B C:\WINNT\Profiles\Xue Lab\Desktop\Lab Documents\httpdir\MCDB4426\MCDB4426.htm --> beagle.colorado.edu /usr4/systems/mcdb-rep/http/htdocs/labs/xue/MCDB4426 MCDB4426.htm
99.08.31 11:14 B C:\WINNT\Profiles\Xue Lab\Desktop\Lab Documents\httpdir\MCDB4426\MCDB4426.htm --> beagle.colorado.edu /usr4/systems/mcdb-rep/http/htdocs/labs/xue/MCDB4426 MCDB4426.htm
99.08.31 11:14 B C:\WINNT\Profiles\Xue Lab\Desktop\Lab Documents\httpdir\MCDB4426\Overhead8-24.htm --> beagle.colorado.edu /usr4/systems/mcdb-rep/http/htdocs/labs/xue/MCDB4426 Overhead8-24.htm
99.08.31 11:21 B C:\WINNT\Profiles\Xue Lab\Desktop\Lab Documents\httpdir\MCDB4426\MCDB4426.htm --> beagle.colorado.edu /usr4/systems/mcdb-rep/http/htdocs/labs/xue/MCDB4426 MCDB4426.htm
99.08.31 11:21 B C:\WINNT\Profiles\Xue Lab\Desktop\Lab Documents\httpdir\MCDB4426\Overhead8-24.htm --> beagle.colorado.edu /usr4/systems/mcdb-rep/http/htdocs/labs/xue/MCDB4426 Overhead8-24.htm
99.08.31 11:21 B C:\WINNT\Profiles\Xue Lab\Desktop\Lab Documents\httpdir\MCDB4426\Syllabus.htm --> beagle.colorado.edu /usr4/systems/mcdb-rep/http/htdocs/labs/xue/MCDB4426 Syllabus.htm
99.08.31 11:30 B C:\WINNT\Profiles\Xue Lab\Desktop\Lab Documents\httpdir\MCDB4426\MCDB4426.htm --> beagle.colorado.edu /usr4/systems/mcdb-rep/http/htdocs/labs/xue/MCDB4426 MCDB4426.htm
99.08.31 11:31 B C:\WINNT\Profiles\Xue Lab\Desktop\Lab Documents\httpdir\MCDB4426\Overhead8-24.htm --> beagle.colorado.edu /usr4/systems/mcdb-rep/http/htdocs/labs/xue/MCDB4426 Overhead8-24.htm
99.08.31 11:33 B C:\WINNT\Profiles\Xue Lab\Desktop\Lab Documents\httpdir\MCDB4426\MCDB4426.htm --> beagle.colorado.edu /usr4/systems/mcdb-rep/http/htdocs/labs/xue/MCDB4426 MCDB4426.htm
99.08.31 12:02 B C:\WINNT\Profiles\Xue Lab\Desktop\Lab Documents\httpdir\MCDB4426\MCDB4426.htm --> beagle.colorado.edu /usr4/systems/mcdb-rep/http/htdocs/labs/xue MCDB4426.htm
99.08.31 12:04 B C:\WINNT\Profiles\Xue Lab\Desktop\Lab Documents\httpdir\MCDB4426\MCDB4426.htm --> beagle.colorado.edu /usr4/systems/mcdb-rep/http/htdocs/labs/xue/MCDB4426 MCDB4426.htm
99.08.31 14:21 B C:\WINNT\Profiles\Xue Lab\Desktop\Lab Documents\httpdir\MCDB4426\MCDB4426.htm --> beagle.colorado.edu /usr4/systems/mcdb-rep/http/htdocs/labs/xue/MCDB4426 MCDB4426.htm
99.08.31 14:22 B C:\WINNT\Profiles\Xue Lab\Desktop\Lab Documents\httpdir\MCDB4426\MCDB4426.htm --> beagle.colorado.edu /usr4/systems/mcdb-rep/http/htdocs/labs/xue/MCDB4426 MCDB4426.htm
99.08.31 14:23 B C:\WINNT\Profiles\Xue Lab\Desktop\Lab Documents\httpdir\MCDB4426\Overhead8-24.htm --> beagle.colorado.edu /usr4/systems/mcdb-rep/http/htdocs/labs/xue/MCDB4426 Overhead8-24.htm
99.08.31 14:23 B C:\WINNT\Profiles\Xue Lab\Desktop\Lab Documents\httpdir\MCDB4426\Overhead8-31.htm --> beagle.colorado.edu /usr4/systems/mcdb-rep/http/htdocs/labs/xue/MCDB4426 Overhead8-31.htm
99.08.31 14:26 B C:\WINNT\Profiles\Xue Lab\Desktop\Lab Documents\httpdir\MCDB4426\MCDB4426.htm --> beagle.colorado.edu /usr4/systems/mcdb-rep/http/htdocs/labs/xue/MCDB4426 MCDB4426.htm
99.08.31 14:26 B C:\WINNT\Profiles\Xue Lab\Desktop\Lab Documents\httpdir\MCDB4426\Overhead8-24.htm --> beagle.colorado.edu /usr4/systems/mcdb-rep/http/htdocs/labs/xue/MCDB4426 Overhead8-24.htm
99.08.31 14:26 B C:\WINNT\Profiles\Xue Lab\Desktop\Lab Documents\httpdir\MCDB4426\Overhead8-31.htm --> beagle.colorado.edu /usr4/systems/mcdb-rep/http/htdocs/labs/xue/MCDB4426 Overhead8-31.htm
99.08.31 14:28 B C:\WINNT\Profiles\Xue Lab\Desktop\Lab Documents\httpdir\MCDB4426\MCDB4426.htm --> beagle.colorado.edu /usr4/systems/mcdb-rep/http/htdocs/labs/xue/MCDB4426 MCDB4426.htm
99.08.31 14:28 B C:\WINNT\Profiles\Xue Lab\Desktop\Lab Documents\httpdir\MCDB4426\Syllabus.htm --> beagle.colorado.edu /usr4/systems/mcdb-rep/http/htdocs/labs/xue/MCDB4426 Syllabus.htm
99.08.31 14:28 B C:\WINNT\Profiles\Xue Lab\Desktop\Lab Documents\httpdir\MCDB4426\Overhead8-24.htm --> beagle.colorado.edu /usr4/systems/mcdb-rep/http/htdocs/labs/xue/MCDB4426 Overhead8-24.htm
99.08.31 14:28 B C:\WINNT\Profiles\Xue Lab\Desktop\Lab Documents\httpdir\MCDB4426\Overhead8-31.htm --> beagle.colorado.edu /usr4/systems/mcdb-rep/http/htdocs/labs/xue/MCDB4426 Overhead8-31.htm
99.08.31 14:34 B C:\WINNT\Profiles\Xue Lab\Desktop\Lab Documents\httpdir\MCDB4426\Overhead8-24.htm --> beagle.colorado.edu /usr4/systems/mcdb-rep/http/htdocs/labs/xue/MCDB4426 Overhead8-24.htm
99.08.31 14:36 B C:\WINNT\Profiles\Xue Lab\Desktop\Lab Documents\httpdir\MCDB4426\Overhead8-24.htm --> beagle.colorado.edu /usr4/systems/mcdb-rep/http/htdocs/labs/xue/MCDB4426 Overhead8-24.htm
99.08.31 14:37 B C:\WINNT\Profiles\Xue Lab\Desktop\Lab Documents\httpdir\MCDB4426\MCDB4426.htm --> beagle.colorado.edu /usr4/systems/mcdb-rep/http/htdocs/labs/xue/MCDB4426 MCDB4426.htm
99.09.02 16:35 B C:\WINNT\Profiles\Xue Lab\Desktop\Lab Documents\httpdir\MCDB4426\Overhead8-31.htm --> beagle.colorado.edu /usr4/systems/mcdb-rep/http/htdocs/labs/xue/MCDB4426 Overhead8-31.htm
99.09.07 18:48 B C:\WINNT\Profiles\Xue Lab\Desktop\Lab Documents\httpdir\MCDB4426\OH8-24.htm --> beagle.colorado.edu /usr4/systems/mcdb-rep/http/htdocs/labs/xue/MCDB4426 OH8-24.htm
99.09.07 18:48 B C:\WINNT\Profiles\Xue Lab\Desktop\Lab Documents\httpdir\MCDB4426\OH8-26.htm --> beagle.colorado.edu /usr4/systems/mcdb-rep/http/htdocs/labs/xue/MCDB4426 OH8-26.htm
99.09.07 18:48 B C:\WINNT\Profiles\Xue Lab\Desktop\Lab Documents\httpdir\MCDB4426\OH8-31.htm --> beagle.colorado.edu /usr4/systems/mcdb-rep/http/htdocs/labs/xue/MCDB4426 OH8-31.htm
99.09.07 18:48 B C:\WINNT\Profiles\Xue Lab\Desktop\Lab Documents\httpdir\MCDB4426\OH9-02.htm --> beagle.colorado.edu /usr4/systems/mcdb-rep/http/htdocs/labs/xue/MCDB4426 OH9-02.htm
99.09.07 18:52 B C:\WINNT\Profiles\Xue Lab\Desktop\Lab Documents\httpdir\MCDB4426\IntestineLineage.jpg --> beagle.colorado.edu /usr4/systems/mcdb-rep/http/htdocs/labs/xue/MCDB4426 IntestineLineage.jpg
99.09.07 18:52 B C:\WINNT\Profiles\Xue Lab\Desktop\Lab Documents\httpdir\MCDB4426\MCDB4426.htm --> beagle.colorado.edu /usr4/systems/mcdb-rep/http/htdocs/labs/xue/MCDB4426 MCDB4426.htm
99.09.07 18:54 B C:\WINNT\Profiles\Xue Lab\Desktop\Lab Documents\httpdir\MCDB4426\MCDB4426.htm --> beagle.colorado.edu /usr4/systems/mcdb-rep/http/htdocs/labs/xue/MCDB4426 MCDB4426.htm
99.09.07 18:57 B C:\WINNT\Profiles\Xue Lab\Desktop\Lab Documents\httpdir\MCDB4426\OH8-26.htm --> beagle.colorado.edu /usr4/systems/mcdb-rep/http/htdocs/labs/xue/MCDB4426 OH8-26.htm
99.09.08 11:59 B C:\WINNT\Profiles\Xue Lab\Desktop\Lab Documents\httpdir\MCDB4426\ras intro.htm <-- beagle /usr4/systems/mcdb-rep/http/htdocs/labs/xue/MCDB4426 ras intro.htm
99.09.08 12:06 B C:\WINNT\Profiles\Xue Lab\Desktop\Lab Documents\httpdir\MCDB4426\ras intro.doc <-- beagle /usr4/systems/mcdb-rep/http/htdocs/labs/xue/MCDB4426 ras intro.doc
99.09.08 13:31 B C:\WINNT\Profiles\Xue Lab\Desktop\Lab Documents\httpdir\MCDB4426\OH8-24.htm --> beagle.colorado.edu /usr4/systems/mcdb-rep/http/htdocs/labs/xue/MCDB4426 OH8-24.htm
99.09.08 13:42 B C:\WINNT\Profiles\Xue Lab\Desktop\Lab Documents\httpdir\MCDB4426\ras intro.htm --> beagle.colorado.edu /usr4/systems/mcdb-rep/http/htdocs/labs/xue/MCDB4426 ras intro.htm
99.09.08 13:42 B C:\WINNT\Profiles\Xue Lab\Desktop\Lab Documents\httpdir\MCDB4426\MCDB4426.htm --> beagle.colorado.edu /usr4/systems/mcdb-rep/http/htdocs/labs/xue/MCDB4426 MCDB4426.htm
99.09.08 13:42 B C:\WINNT\Profiles\Xue Lab\Desktop\Lab Documents\httpdir\MCDB4426\OH9-07.htm --> beagle.colorado.edu /usr4/systems/mcdb-rep/http/htdocs/labs/xue/MCDB4426 OH9-07.htm
99.09.08 18:50 B C:\WINNT\Profiles\Xue Lab\Desktop\Lab Documents\httpdir\MCDB4426\Syllabus.htm --> beagle.colorado.edu /usr4/systems/mcdb-rep/http/htdocs/labs/xue Syllabus.htm
99.09.08 18:50 B C:\WINNT\Profiles\Xue Lab\Desktop\Lab Documents\httpdir\MCDB4426\Syllabus.htm --> beagle.colorado.edu /usr4/systems/mcdb-rep/http/htdocs/labs/xue Syllabus.htm
99.09.08 18:51 B C:\WINNT\Profiles\Xue Lab\Desktop\Lab Documents\httpdir\MCDB4426\Syllabus.htm --> beagle.colorado.edu /usr4/systems/mcdb-rep/http/htdocs/labs/xue Syllabus.htm
99.09.08 18:53 B C:\WINNT\Profiles\Xue Lab\Desktop\Lab Documents\httpdir\MCDB4426\Syllabus.htm --> beagle.colorado.edu /usr4/systems/mcdb-rep/http/htdocs/labs/xue Syllabus.htm
99.09.10 15:30 B C:\WINNT\Profiles\Xue Lab\Desktop\Lab Documents\httpdir\MCDB4426\Syllabus.htm --> beagle.colorado.edu /usr4/systems/mcdb-rep/http/htdocs/labs/xue Syllabus.htm
99.09.10 15:31 B C:\WINNT\Profiles\Xue Lab\Desktop\Lab Documents\httpdir\MCDB4426\Syllabus.htm --> beagle.colorado.edu /usr4/systems/mcdb-rep/http/htdocs/labs/xue/MCDB4426 Syllabus.htm
99.09.10 15:52 B C:\WINNT\Profiles\Xue Lab\Desktop\Lab Documents\httpdir\MCDB4426\Syllabus.htm --> beagle.colorado.edu /usr4/systems/mcdb-rep/http/htdocs/labs/xue/MCDB4426 Syllabus.htm
99.09.12 19:56 B C:\WINNT\Profiles\Xue Lab\Desktop\Lab Documents\httpdir\MCDB4426\OH9-02.htm --> beagle.colorado.edu /usr4/systems/mcdb-rep/http/htdocs/labs/xue/MCDB4426 OH9-02.htm
99.09.12 20:21 B C:\WINNT\Profiles\Xue Lab\Desktop\Lab Documents\httpdir\MCDB4426\OH9-02.htm --> beagle.colorado.edu /usr4/systems/mcdb-rep/http/htdocs/labs/xue/MCDB4426 OH9-02.htm
99.09.12 20:28 B C:\WINNT\Profiles\Xue Lab\Desktop\Lab Documents\httpdir\MCDB4426\OH9-07.htm --> beagle.colorado.edu /usr4/systems/mcdb-rep/http/htdocs/labs/xue/MCDB4426 OH9-07.htm
99.09.12 20:36 B C:\WINNT\Profiles\Xue Lab\Desktop\Lab Documents\httpdir\MCDB4426\OH9-07.doc --> beagle.colorado.edu /usr4/systems/mcdb-rep/http/htdocs/labs/xue OH9-07.doc
99.09.12 20:38 B C:\WINNT\Profiles\Xue Lab\Desktop\Lab Documents\httpdir\MCDB4426\OH9-07.doc --> beagle.colorado.edu /usr4/systems/mcdb-rep/http/htdocs/labs/xue/MCDB4426 OH9-07.doc
99.09.12 21:21 B C:\WINNT\Profiles\Xue Lab\Desktop\Lab Documents\httpdir\MCDB4426\MCDB4426.htm --> beagle.colorado.edu /usr4/systems/mcdb-rep/http/htdocs/labs/xue/MCDB4426 MCDB4426.htm
99.09.12 21:31 B C:\WINNT\Profiles\Xue Lab\Desktop\Lab Documents\httpdir\MCDB4426\OH9-09.htm --> beagle.colorado.edu /usr4/systems/mcdb-rep/http/htdocs/labs/xue/MCDB4426 OH9-09.htm
99.09.12 21:32 B C:\WINNT\Profiles\Xue Lab\Desktop\Lab Documents\httpdir\MCDB4426\MCDB4426.htm --> beagle.colorado.edu /usr4/systems/mcdb-rep/http/htdocs/labs/xue/MCDB4426 MCDB4426.htm
99.09.16 18:44 B C:\WINNT\Profiles\Xue Lab\Desktop\Lab Documents\httpdir\MCDB4426\MCDB4426.htm --> beagle.colorado.edu /usr4/systems/mcdb-rep/http/htdocs/labs/xue MCDB4426.htm
99.09.16 18:45 B C:\WINNT\Profiles\Xue Lab\Desktop\Lab Documents\httpdir\MCDB4426\MCDB4426.htm --> beagle.colorado.edu /usr4/systems/mcdb-rep/http/htdocs/labs/xue/MCDB4426 MCDB4426.htm
99.09.16 18:46 B C:\WINNT\Profiles\Xue Lab\Desktop\Lab Documents\httpdir\MCDB4426\MCDB4426.htm --> beagle.colorado.edu /usr4/systems/mcdb-rep/http/htdocs/labs/xue/MCDB4426 MCDB4426.htm
99.09.16 18:53 B C:\WINNT\Profiles\Xue Lab\Desktop\Lab Documents\httpdir\MCDB4426\MCDB4426.htm --> beagle.colorado.edu /usr4/systems/mcdb-rep/http/htdocs/labs/xue/MCDB4426 MCDB4426.htm
99.09.16 18:56 B C:\WINNT\Profiles\Xue Lab\Desktop\Lab Documents\httpdir\MCDB4426\MCDB4426.htm --> beagle.colorado.edu /usr4/systems/mcdb-rep/http/htdocs/labs/xue/MCDB4426 MCDB4426.htm
99.09.16 22:30 B C:\WINNT\Profiles\Xue Lab\Desktop\Lab Documents\httpdir\MCDB4426\Goldstein.doc <-- beagle /usr4/systems/mcdb-rep/http/htdocs/labs/xue/MCDB4426 Goldstein.doc
99.09.16 22:32 B C:\WINNT\Profiles\Xue Lab\Desktop\Lab Documents\httpdir\MCDB4426\MCDB4426.htm --> beagle.colorado.edu /usr4/systems/mcdb-rep/http/htdocs/labs/xue/MCDB4426 MCDB4426.htm
99.09.16 22:32 B C:\WINNT\Profiles\Xue Lab\Desktop\Lab Documents\httpdir\MCDB4426\Goldstein.htm --> beagle.colorado.edu /usr4/systems/mcdb-rep/http/htdocs/labs/xue/MCDB4426 Goldstein.htm
99.09.28 18:37 B C:\WINNT\Profiles\Xue Lab\Desktop\Lab Documents\httpdir\MCDB4426\Doc1.htm --> beagle.colorado.edu /usr4/systems/mcdb-rep/http/htdocs/labs/xue/MCDB4426 Doc1.htm
99.09.28 18:38 B C:\WINNT\Profiles\Xue Lab\Desktop\Lab Documents\httpdir\MCDB4426\MCDB4426.htm --> beagle.colorado.edu /usr4/systems/mcdb-rep/http/htdocs/labs/xue/MCDB4426 MCDB4426.htm
99.09.28 18:42 B C:\WINNT\Profiles\Xue Lab\Desktop\Lab Documents\httpdir\MCDB4426\MCDB4426.htm --> beagle.colorado.edu /usr4/systems/mcdb-rep/http/htdocs/labs/xue/MCDB4426 MCDB4426.htm
99.09.28 18:46 B C:\WINNT\Profiles\Xue Lab\Desktop\Lab Documents\httpdir\MCDB4426\essay2.htm <-- beagle /usr4/systems/mcdb-rep/http/htdocs/labs/xue/MCDB4426 essay2.htm
99.09.28 18:53 B C:\WINNT\Profiles\Xue Lab\Desktop\Lab Documents\httpdir\MCDB4426\MCDB4426.htm --> beagle.colorado.edu /usr4/systems/mcdb-rep/http/htdocs/labs/xue/MCDB4426 MCDB4426.htm
99.10.12 01:05 B C:\WINNT\Profiles\Xue Lab\Desktop\Lab Documents\httpdir\MCDB4426\MCDB4426.htm --> beagle.colorado.edu /usr4/systems/mcdb-rep/http/htdocs/labs/xue/MCDB4426 MCDB4426.htm
99.11.14 21:45 B C:\WINNT\Profiles\Xue Lab\Desktop\Lab Documents\httpdir\MCDB4426\MCDB4426.htm --> beagle.colorado.edu /usr4/systems/mcdb-rep/http/htdocs/labs/xue/MCDB4426 MCDB4426.htm
99.11.15 00:43 B C:\WINNT\Profiles\Xue Lab\Desktop\Lab Documents\httpdir\MCDB4426\Cell 94, 491-501.htm --> beagle.colorado.edu /usr4/systems/mcdb-rep/http/htdocs/labs/xue/MCDB4426 Cell 94, 491-501.htm
99.11.15 00:44 B C:\WINNT\Profiles\Xue Lab\Desktop\Lab Documents\httpdir\MCDB4426\MCDB4426.htm --> beagle.colorado.edu /usr4/systems/mcdb-rep/http/htdocs/labs/xue/MCDB4426 MCDB4426.htm
99.11.15 01:02 B C:\WINNT\Profiles\Xue Lab\Desktop\Lab Documents\httpdir\MCDB4426\MCDB4426.htm --> beagle.colorado.edu /usr4/systems/mcdb-rep/http/htdocs/labs/xue/MCDB4426 MCDB4426.htm
99.11.15 01:02 B C:\WINNT\Profiles\Xue Lab\Desktop\Lab Documents\httpdir\MCDB4426\Cell 94, 491-501.pdf --> beagle.colorado.edu /usr4/systems/mcdb-rep/http/htdocs/labs/xue/MCDB4426 Cell 94, 491-501.pdf
99.12.04 05:31 B C:\WINNT\Profiles\Xue Lab\Desktop\Lab Documents\httpdir\MCDB4426\Last lecture.htm <-- beagle /usr4/systems/mcdb-rep/http/htdocs/labs/xue/MCDB4426 Last lecture.htm
99.12.04 05:37 B C:\WINNT\Profiles\Xue Lab\Desktop\Lab Documents\httpdir\MCDB4426\MCDB4426.htm --> beagle.colorado.edu /usr4/systems/mcdb-rep/http/htdocs/labs/xue/MCDB4426 MCDB4426.htm
99.12.04 05:57 B C:\WINNT\Profiles\Xue Lab\Desktop\Lab Documents\httpdir\MCDB4426\Last lecture.htm --> beagle.colorado.edu /usr4/systems/mcdb-rep/http/htdocs/labs/xue/MCDB4426 Last lecture.htm
100.08.27 20:12 B C:\WINNT\Profiles\Xue Lab\Desktop\Lab Documents\httpdir\MCDB4426\Announcement.htm --> beagle.colorado.edu /usr4/systems/mcdb-rep/http/htdocs/labs/xue/MCDB4426 Announcement.htm
100.08.27 20:13 B C:\WINNT\Profiles\Xue Lab\Desktop\Lab Documents\httpdir\MCDB4426\Cell 94, 491-501.pdf --> beagle.colorado.edu /usr4/systems/mcdb-rep/http/htdocs/labs/xue/MCDB4426 Cell 94, 491-501.pdf
100.08.27 20:13 B C:\WINNT\Profiles\Xue Lab\Desktop\Lab Documents\httpdir\MCDB4426\Cell85-479.pdf --> beagle.colorado.edu /usr4/systems/mcdb-rep/http/htdocs/labs/xue/MCDB4426 Cell85-479.pdf
100.08.27 20:13 B C:\WINNT\Profiles\Xue Lab\Desktop\Lab Documents\httpdir\MCDB4426\Cell85-817.pdf --> beagle.colorado.edu /usr4/systems/mcdb-rep/http/htdocs/labs/xue/MCDB4426 Cell85-817.pdf
100.08.27 20:13 B C:\WINNT\Profiles\Xue Lab\Desktop\Lab Documents\httpdir\MCDB4426\Cell88-355.pdf --> beagle.colorado.edu /usr4/systems/mcdb-rep/http/htdocs/labs/xue/MCDB4426 Cell88-355.pdf
100.08.27 20:13 B C:\WINNT\Profiles\Xue Lab\Desktop\Lab Documents\httpdir\MCDB4426\Cell90-389.pdf --> beagle.colorado.edu /usr4/systems/mcdb-rep/http/htdocs/labs/xue/MCDB4426 Cell90-389.pdf
100.08.27 20:13 B C:\WINNT\Profiles\Xue Lab\Desktop\Lab Documents\httpdir\MCDB4426\Cell93-961.pdf --> beagle.colorado.edu /usr4/systems/mcdb-rep/http/htdocs/labs/xue/MCDB4426 Cell93-961.pdf
100.08.27 20:13 B C:\WINNT\Profiles\Xue Lab\Desktop\Lab Documents\httpdir\MCDB4426\Cell94-119.pdf --> beagle.colorado.edu /usr4/systems/mcdb-rep/http/htdocs/labs/xue/MCDB4426 Cell94-119.pdf
100.08.27 20:13 B C:\WINNT\Profiles\Xue Lab\Desktop\Lab Documents\httpdir\MCDB4426\Cell94-481.pdf --> beagle.colorado.edu /usr4/systems/mcdb-rep/http/htdocs/labs/xue/MCDB4426 Cell94-481.pdf
100.08.27 20:13 B C:\WINNT\Profiles\Xue Lab\Desktop\Lab Documents\httpdir\MCDB4426\Cell98-317.pdf --> beagle.colorado.edu /usr4/systems/mcdb-rep/http/htdocs/labs/xue/MCDB4426 Cell98-317.pdf
100.08.27 20:13 B C:\WINNT\Profiles\Xue Lab\Desktop\Lab Documents\httpdir\MCDB4426\CurOpCB10-182.pdf --> beagle.colorado.edu /usr4/systems/mcdb-rep/http/htdocs/labs/xue/MCDB4426 CurOpCB10-182.pdf
100.08.27 20:13 B C:\WINNT\Profiles\Xue Lab\Desktop\Lab Documents\httpdir\MCDB4426\Doc1.htm --> beagle.colorado.edu /usr4/systems/mcdb-rep/http/htdocs/labs/xue/MCDB4426 Doc1.htm
100.08.27 20:13 B C:\WINNT\Profiles\Xue Lab\Desktop\Lab Documents\httpdir\MCDB4426\essay2.htm --> beagle.colorado.edu /usr4/systems/mcdb-rep/http/htdocs/labs/xue/MCDB4426 essay2.htm
100.08.27 20:13 B C:\WINNT\Profiles\Xue Lab\Desktop\Lab Documents\httpdir\MCDB4426\Goldstein.doc --> beagle.colorado.edu /usr4/systems/mcdb-rep/http/htdocs/labs/xue/MCDB4426 Goldstein.doc
100.08.27 20:13 B C:\WINNT\Profiles\Xue Lab\Desktop\Lab Documents\httpdir\MCDB4426\Goldstein.htm --> beagle.colorado.edu /usr4/systems/mcdb-rep/http/htdocs/labs/xue/MCDB4426 Goldstein.htm
100.08.27 20:13 B C:\WINNT\Profiles\Xue Lab\Desktop\Lab Documents\httpdir\MCDB4426\Last lecture.htm --> beagle.colorado.edu /usr4/systems/mcdb-rep/http/htdocs/labs/xue/MCDB4426 Last lecture.htm
100.08.27 20:13 B C:\WINNT\Profiles\Xue Lab\Desktop\Lab Documents\httpdir\MCDB4426\MCDB4426.htm --> beagle.colorado.edu /usr4/systems/mcdb-rep/http/htdocs/labs/xue/MCDB4426 MCDB4426.htm
100.08.27 20:13 B C:\WINNT\Profiles\Xue Lab\Desktop\Lab Documents\httpdir\MCDB4426\Nature387-773.pdf --> beagle.colorado.edu /usr4/systems/mcdb-rep/http/htdocs/labs/xue/MCDB4426 Nature387-773.pdf
100.08.27 20:13 B C:\WINNT\Profiles\Xue Lab\Desktop\Lab Documents\httpdir\MCDB4426\Nature390-465.pdf --> beagle.colorado.edu /usr4/systems/mcdb-rep/http/htdocs/labs/xue/MCDB4426 Nature390-465.pdf
100.08.27 20:13 B C:\WINNT\Profiles\Xue Lab\Desktop\Lab Documents\httpdir\MCDB4426\Nature392-501.pdf --> beagle.colorado.edu /usr4/systems/mcdb-rep/http/htdocs/labs/xue/MCDB4426 Nature392-501.pdf
100.08.27 20:13 B C:\WINNT\Profiles\Xue Lab\Desktop\Lab Documents\httpdir\MCDB4426\OH10-21.htm --> beagle.colorado.edu /usr4/systems/mcdb-rep/http/htdocs/labs/xue/MCDB4426 OH10-21.htm
100.08.27 20:13 B C:\WINNT\Profiles\Xue Lab\Desktop\Lab Documents\httpdir\MCDB4426\OH8-24.htm --> beagle.colorado.edu /usr4/systems/mcdb-rep/http/htdocs/labs/xue/MCDB4426 OH8-24.htm
100.08.27 20:13 B C:\WINNT\Profiles\Xue Lab\Desktop\Lab Documents\httpdir\MCDB4426\OH8-26.htm --> beagle.colorado.edu /usr4/systems/mcdb-rep/http/htdocs/labs/xue/MCDB4426 OH8-26.htm
100.08.27 20:13 B C:\WINNT\Profiles\Xue Lab\Desktop\Lab Documents\httpdir\MCDB4426\OH8-31.htm --> beagle.colorado.edu /usr4/systems/mcdb-rep/http/htdocs/labs/xue/MCDB4426 OH8-31.htm
100.08.27 20:13 B C:\WINNT\Profiles\Xue Lab\Desktop\Lab Documents\httpdir\MCDB4426\OH9-02.htm --> beagle.colorado.edu /usr4/systems/mcdb-rep/http/htdocs/labs/xue/MCDB4426 OH9-02.htm
100.08.27 20:13 B C:\WINNT\Profiles\Xue Lab\Desktop\Lab Documents\httpdir\MCDB4426\OH9-07.htm --> beagle.colorado.edu /usr4/systems/mcdb-rep/http/htdocs/labs/xue/MCDB4426 OH9-07.htm
100.08.27 20:13 B C:\WINNT\Profiles\Xue Lab\Desktop\Lab Documents\httpdir\MCDB4426\OH9-09.htm --> beagle.colorado.edu /usr4/systems/mcdb-rep/http/htdocs/labs/xue/MCDB4426 OH9-09.htm
100.08.27 20:13 B C:\WINNT\Profiles\Xue Lab\Desktop\Lab Documents\httpdir\MCDB4426\ras intro.htm --> beagle.colorado.edu /usr4/systems/mcdb-rep/http/htdocs/labs/xue/MCDB4426 ras intro.htm
100.08.27 20:13 B C:\WINNT\Profiles\Xue Lab\Desktop\Lab Documents\httpdir\MCDB4426\Syllabus.htm --> beagle.colorado.edu /usr4/systems/mcdb-rep/http/htdocs/labs/xue/MCDB4426 Syllabus.htm
